<?xml version="1.0" encoding="UTF-8"?>
<testng-results ignored="0" total="3" passed="3" failed="0" skipped="0">
  <reporter-output>
  </reporter-output>
  <suite started-at="2024-11-22T12:38:08 IST" name="Default suite" finished-at="2024-11-22T12:39:01 IST" duration-ms="53819">
    <groups>
      <group name="cucumber">
        <method signature="AbstractTestNGCucumberTests.runScenario(io.cucumber.testng.PickleWrapper,io.cucumber.testng.FeatureWrapper)[pri:0, instance:runner.RunCucumberTests@6b695b06]" name="runScenario" class="io.cucumber.testng.AbstractTestNGCucumberTests"/>
      </group> <!-- cucumber -->
    </groups>
    <test started-at="2024-11-22T12:38:08 IST" name="Default test" finished-at="2024-11-22T12:39:01 IST" duration-ms="53819">
      <class name="runner.RunCucumberTests">
        <test-method is-config="true" signature="setUpClass(org.testng.ITestContext)[pri:0, instance:runner.RunCucumberTests@6b695b06]" started-at="2024-11-22T12:38:08 IST" name="setUpClass" finished-at="2024-11-22T12:38:08 IST" duration-ms="738" status="PASS">
          <params>
            <param index="0">
              <value>
                <![CDATA[org.testng.TestRunner@5a78b52b]]>
              </value>
            </param>
          </params>
          <reporter-output>
          </reporter-output>
        </test-method> <!-- setUpClass -->
        <test-method signature="runScenario(io.cucumber.testng.PickleWrapper,io.cucumber.testng.FeatureWrapper)[pri:0, instance:runner.RunCucumberTests@6b695b06]" started-at="2024-11-22T12:38:08 IST" name="runScenario" description="Runs Cucumber Scenarios" data-provider="scenarios" finished-at="2024-11-22T12:38:26 IST" duration-ms="17526" status="PASS">
          <params>
            <param index="0">
              <value>
                <![CDATA["GetRequest test"]]>
              </value>
            </param>
            <param index="1">
              <value>
                <![CDATA["Beeceptor test"]]>
              </value>
            </param>
          </params>
          <reporter-output>
          </reporter-output>
        </test-method> <!-- runScenario -->
        <test-method signature="runScenario(io.cucumber.testng.PickleWrapper,io.cucumber.testng.FeatureWrapper)[pri:0, instance:runner.RunCucumberTests@6b695b06]" started-at="2024-11-22T12:38:26 IST" name="runScenario" description="Runs Cucumber Scenarios" data-provider="scenarios" finished-at="2024-11-22T12:38:31 IST" duration-ms="4814" status="PASS">
          <params>
            <param index="0">
              <value>
                <![CDATA["PostRequest test"]]>
              </value>
            </param>
            <param index="1">
              <value>
                <![CDATA["Beeceptor test"]]>
              </value>
            </param>
          </params>
          <reporter-output>
          </reporter-output>
        </test-method> <!-- runScenario -->
        <test-method signature="runScenario(io.cucumber.testng.PickleWrapper,io.cucumber.testng.FeatureWrapper)[pri:0, instance:runner.RunCucumberTests@6b695b06]" started-at="2024-11-22T12:38:31 IST" name="runScenario" description="Runs Cucumber Scenarios" data-provider="scenarios" finished-at="2024-11-22T12:39:01 IST" duration-ms="30583" status="PASS">
          <params>
            <param index="0">
              <value>
                <![CDATA["SearchCareer and apply"]]>
              </value>
            </param>
            <param index="1">
              <value>
                <![CDATA["Labcorp Career test"]]>
              </value>
            </param>
          </params>
          <reporter-output>
          </reporter-output>
        </test-method> <!-- runScenario -->
        <test-method is-config="true" signature="tearDownClass()[pri:0, instance:runner.RunCucumberTests@6b695b06]" started-at="2024-11-22T12:39:01 IST" name="tearDownClass" finished-at="2024-11-22T12:39:01 IST" duration-ms="4" status="PASS">
          <reporter-output>
          </reporter-output>
        </test-method> <!-- tearDownClass -->
      </class> <!-- runner.RunCucumberTests -->
    </test> <!-- Default test -->
  </suite> <!-- Default suite -->
</testng-results>
